  BTree.cpp
C:\Users\user\source\repos\Btree\Btree\BTree.cpp(94,23): warning C4018: '<': signed 또는 unsigned가 일치하지 않습니다.
C:\Users\user\source\repos\Btree\Btree\BTree.cpp(109,34): warning C4018: '<': signed 또는 unsigned가 일치하지 않습니다.
C:\Users\user\source\repos\Btree\Btree\BTree.cpp(113,23): warning C4018: '<': signed 또는 unsigned가 일치하지 않습니다.
C:\Users\user\source\repos\Btree\Btree\BTree.cpp(138,23): warning C4018: '<': signed 또는 unsigned가 일치하지 않습니다.
C:\Users\user\source\repos\Btree\Btree\BTree.cpp(152,34): warning C4018: '<': signed 또는 unsigned가 일치하지 않습니다.
C:\Users\user\source\repos\Btree\Btree\BTree.cpp(156,23): warning C4018: '<': signed 또는 unsigned가 일치하지 않습니다.
C:\Users\user\source\repos\Btree\Btree\BTree.cpp(168,22): warning C4018: '<': signed 또는 unsigned가 일치하지 않습니다.
C:\Users\user\source\repos\Btree\Btree\BTree.cpp(216,24): warning C4018: '<': signed 또는 unsigned가 일치하지 않습니다.
C:\Users\user\source\repos\Btree\Btree\BTree.cpp(238,39): warning C4018: '<': signed 또는 unsigned가 일치하지 않습니다.
C:\Users\user\source\repos\Btree\Btree\BTree.cpp(243,24): warning C4018: '<': signed 또는 unsigned가 일치하지 않습니다.
C:\Users\user\source\repos\Btree\Btree\BTree.cpp(261,24): warning C4018: '<': signed 또는 unsigned가 일치하지 않습니다.
C:\Users\user\source\repos\Btree\Btree\BTree.cpp(276,39): warning C4018: '<': signed 또는 unsigned가 일치하지 않습니다.
C:\Users\user\source\repos\Btree\Btree\BTree.cpp(281,24): warning C4018: '<': signed 또는 unsigned가 일치하지 않습니다.
C:\Users\user\source\repos\Btree\Btree\BTree.cpp(294,23): warning C4018: '<': signed 또는 unsigned가 일치하지 않습니다.
C:\Users\user\source\repos\Btree\Btree\BTree.cpp(534,22): warning C4018: '<': signed 또는 unsigned가 일치하지 않습니다.
  코드를 생성하고 있습니다.
C:\Users\user\source\repos\Btree\Btree\BTree.cpp(303): warning C4715: 'BTree::insert': 모든 제어 경로에서 값을 반환하지는 않습니다.
  3 of 327 functions ( 0.9%) were compiled, the rest were copied from previous compilation.
    0 functions were new in current compilation
    0 functions had inline decision re-evaluated but remain unchanged
  코드를 생성했습니다.
  Btree.vcxproj -> C:\Users\user\source\repos\Btree\Release\Btree.exe
